# JRE version: Java(TM) SE Runtime Environment (8.0_112-b15) (build 1.8.0_112-b15)
# Java VM: Java HotSpot(TM) 64-Bit Server VM (25.112-b15 mixed mode windows-amd64 compressed oops)
Heap:
 PSYoungGen      total 55808K, used 32458K [0x00000007bc400000, 0x00000007c0000000, 0x00000007c0000000)
  eden space 50176K, 63% used [0x00000007bc400000,0x00000007be312ad0,0x00000007bf500000)
  from space 5632K, 11% used [0x00000007bfa80000,0x00000007bfb20000,0x00000007c0000000)
  to   space 5632K, 0% used [0x00000007bf500000,0x00000007bf500000,0x00000007bfa80000)
 ParOldGen       total 213504K, used 63179K [0x0000000700000000, 0x000000070d080000, 0x00000007bc400000)
  object space 213504K, 29% used [0x0000000700000000,0x0000000703db2ce0,0x000000070d080000)
 Metaspace       used 69925K, capacity 70527K, committed 71168K, reserved 1112064K
  class space    used 9071K, capacity 9203K, committed 9216K, reserved 1048576K
GC Heap History (10 events):
Event: 21897.170 GC heap before
{Heap before GC invocations=694 (full 18):
 PSYoungGen      total 56320K, used 51200K [0x00000007bc400000, 0x00000007c0000000, 0x00000007c0000000)
  eden space 51200K, 100% used [0x00000007bc400000,0x00000007bf600000,0x00000007bf600000)
  from space 5120K, 0% used [0x00000007bf600000,0x00000007bf600000,0x00000007bfb00000)
  to   space 5120K, 0% used [0x00000007bfb00000,0x00000007bfb00000,0x00000007c0000000)
 ParOldGen       total 213504K, used 63179K [0x0000000700000000, 0x000000070d080000, 0x00000007bc400000)
  object space 213504K, 29% used [0x0000000700000000,0x0000000703db2ce0,0x000000070d080000)
 Metaspace       used 69922K, capacity 70527K, committed 71168K, reserved 1112064K
  class space    used 9071K, capacity 9203K, committed 9216K, reserved 1048576K
Event: 21897.176 GC heap after
Heap after GC invocations=694 (full 18):
 PSYoungGen      total 56320K, used 992K [0x00000007bc400000, 0x00000007c0000000, 0x00000007c0000000)
  eden space 51200K, 0% used [0x00000007bc400000,0x00000007bc400000,0x00000007bf600000)
  from space 5120K, 19% used [0x00000007bfb00000,0x00000007bfbf8000,0x00000007c0000000)
  to   space 5120K, 0% used [0x00000007bf600000,0x00000007bf600000,0x00000007bfb00000)
 ParOldGen       total 213504K, used 63179K [0x0000000700000000, 0x000000070d080000, 0x00000007bc400000)
  object space 213504K, 29% used [0x0000000700000000,0x0000000703db2ce0,0x000000070d080000)
 Metaspace       used 69922K, capacity 70527K, committed 71168K, reserved 1112064K
  class space    used 9071K, capacity 9203K, committed 9216K, reserved 1048576K
}
Event: 22130.411 GC heap before
{Heap before GC invocations=695 (full 18):
 PSYoungGen      total 56320K, used 52192K [0x00000007bc400000, 0x00000007c0000000, 0x00000007c0000000)
  eden space 51200K, 100% used [0x00000007bc400000,0x00000007bf600000,0x00000007bf600000)
  from space 5120K, 19% used [0x00000007bfb00000,0x00000007bfbf8000,0x00000007c0000000)
  to   space 5120K, 0% used [0x00000007bf600000,0x00000007bf600000,0x00000007bfb00000)
 ParOldGen       total 213504K, used 63179K [0x0000000700000000, 0x000000070d080000, 0x00000007bc400000)
  object space 213504K, 29% used [0x0000000700000000,0x0000000703db2ce0,0x000000070d080000)
 Metaspace       used 69922K, capacity 70527K, committed 71168K, reserved 1112064K
  class space    used 9071K, capacity 9203K, committed 9216K, reserved 1048576K
Event: 22130.416 GC heap after
Heap after GC invocations=695 (full 18):
 PSYoungGen      total 52224K, used 1056K [0x00000007bc400000, 0x00000007c0000000, 0x00000007c0000000)
  eden space 50688K, 0% used [0x00000007bc400000,0x00000007bc400000,0x00000007bf580000)
  from space 1536K, 68% used [0x00000007bf600000,0x00000007bf708000,0x00000007bf780000)
  to   space 5632K, 0% used [0x00000007bfa80000,0x00000007bfa80000,0x00000007c0000000)
 ParOldGen       total 213504K, used 63179K [0x0000000700000000, 0x000000070d080000, 0x00000007bc400000)
  object space 213504K, 29% used [0x0000000700000000,0x0000000703db2ce0,0x000000070d080000)
 Metaspace       used 69922K, capacity 70527K, committed 71168K, reserved 1112064K
  class space    used 9071K, capacity 9203K, committed 9216K, reserved 1048576K
}
Event: 22361.301 GC heap before
{Heap before GC invocations=696 (full 18):
 PSYoungGen      total 52224K, used 51744K [0x00000007bc400000, 0x00000007c0000000, 0x00000007c0000000)
  eden space 50688K, 100% used [0x00000007bc400000,0x00000007bf580000,0x00000007bf580000)
  from space 1536K, 68% used [0x00000007bf600000,0x00000007bf708000,0x00000007bf780000)
  to   space 5632K, 0% used [0x00000007bfa80000,0x00000007bfa80000,0x00000007c0000000)
 ParOldGen       total 213504K, used 63179K [0x0000000700000000, 0x000000070d080000, 0x00000007bc400000)
  object space 213504K, 29% used [0x0000000700000000,0x0000000703db2ce0,0x000000070d080000)
 Metaspace       used 69922K, capacity 70527K, committed 71168K, reserved 1112064K
  class space    used 9071K, capacity 9203K, committed 9216K, reserved 1048576K
Event: 22361.305 GC heap after
Heap after GC invocations=696 (full 18):
 PSYoungGen      total 55808K, used 992K [0x00000007bc400000, 0x00000007c0000000, 0x00000007c0000000)
  eden space 50176K, 0% used [0x00000007bc400000,0x00000007bc400000,0x00000007bf500000)
  from space 5632K, 17% used [0x00000007bfa80000,0x00000007bfb78000,0x00000007c0000000)
  to   space 5632K, 0% used [0x00000007bf500000,0x00000007bf500000,0x00000007bfa80000)
 ParOldGen       total 213504K, used 63179K [0x0000000700000000, 0x000000070d080000, 0x00000007bc400000)
  object space 213504K, 29% used [0x0000000700000000,0x0000000703db2ce0,0x000000070d080000)
 Metaspace       used 69922K, capacity 70527K, committed 71168K, reserved 1112064K
  class space    used 9071K, capacity 9203K, committed 9216K, reserved 1048576K
}
Event: 22472.811 GC heap before
{Heap before GC invocations=697 (full 18):
 PSYoungGen      total 55808K, used 51168K [0x00000007bc400000, 0x00000007c0000000, 0x00000007c0000000)
  eden space 50176K, 100% used [0x00000007bc400000,0x00000007bf500000,0x00000007bf500000)
  from space 5632K, 17% used [0x00000007bfa80000,0x00000007bfb78000,0x00000007c0000000)
  to   space 5632K, 0% used [0x00000007bf500000,0x00000007bf500000,0x00000007bfa80000)
 ParOldGen       total 213504K, used 63179K [0x0000000700000000, 0x000000070d080000, 0x00000007bc400000)
  object space 213504K, 29% used [0x0000000700000000,0x0000000703db2ce0,0x000000070d080000)
 Metaspace       used 69923K, capacity 70527K, committed 71168K, reserved 1112064K
  class space    used 9071K, capacity 9203K, committed 9216K, reserved 1048576K
Event: 22472.814 GC heap after
Heap after GC invocations=697 (full 18):
 PSYoungGen      total 55808K, used 1312K [0x00000007bc400000, 0x00000007c0000000, 0x00000007c0000000)
  eden space 50176K, 0% used [0x00000007bc400000,0x00000007bc400000,0x00000007bf500000)
  from space 5632K, 23% used [0x00000007bf500000,0x00000007bf648000,0x00000007bfa80000)
  to   space 5632K, 0% used [0x00000007bfa80000,0x00000007bfa80000,0x00000007c0000000)
 ParOldGen       total 213504K, used 63179K [0x0000000700000000, 0x000000070d080000, 0x00000007bc400000)
  object space 213504K, 29% used [0x0000000700000000,0x0000000703db2ce0,0x000000070d080000)
 Metaspace       used 69923K, capacity 70527K, committed 71168K, reserved 1112064K
  class space    used 9071K, capacity 9203K, committed 9216K, reserved 1048576K
}
Event: 22479.492 GC heap before
{Heap before GC invocations=698 (full 18):
 PSYoungGen      total 55808K, used 51488K [0x00000007bc400000, 0x00000007c0000000, 0x00000007c0000000)
  eden space 50176K, 100% used [0x00000007bc400000,0x00000007bf500000,0x00000007bf500000)
  from space 5632K, 23% used [0x00000007bf500000,0x00000007bf648000,0x00000007bfa80000)
  to   space 5632K, 0% used [0x00000007bfa80000,0x00000007bfa80000,0x00000007c0000000)
 ParOldGen       total 213504K, used 63179K [0x0000000700000000, 0x000000070d080000, 0x00000007bc400000)
  object space 213504K, 29% used [0x0000000700000000,0x0000000703db2ce0,0x000000070d080000)
 Metaspace       used 69923K, capacity 70527K, committed 71168K, reserved 1112064K
  class space    used 9071K, capacity 9203K, committed 9216K, reserved 1048576K
Event: 22479.496 GC heap after
Heap after GC invocations=698 (full 18):
 PSYoungGen      total 55808K, used 640K [0x00000007bc400000, 0x00000007c0000000, 0x00000007c0000000)
  eden space 50176K, 0% used [0x00000007bc400000,0x00000007bc400000,0x00000007bf500000)
  from space 5632K, 11% used [0x00000007bfa80000,0x00000007bfb20000,0x00000007c0000000)
  to   space 5632K, 0% used [0x00000007bf500000,0x00000007bf500000,0x00000007bfa80000)
 ParOldGen       total 213504K, used 63179K [0x0000000700000000, 0x000000070d080000, 0x00000007bc400000)
  object space 213504K, 29% used [0x0000000700000000,0x0000000703db2ce0,0x000000070d080000)
 Metaspace       used 69923K, capacity 70527K, committed 71168K, reserved 1112064K
  class space    used 9071K, capacity 9203K, committed 9216K, reserved 1048576K
}

